<?xml version="1.0" encoding="UTF-8"?>
<!-- Generated by org.testng.reporters.JUnitXMLReporter -->
<testsuite ignored="0" hostname="LAPTOP-1GLGBQCG" failures="0" tests="4" name="Default test" time="69.503" errors="0" timestamp="2020-09-27T02:34:55 IST">
  <testcase classname="main.Testcase2" name="TestcaseNumber2" time="8.828"/>
  <testcase classname="main.Testcase1" name="TestcaseNumber1" time="0.767"/>
  <testcase classname="main.Testcase4" name="TestcaseNumber4" time="1.54"/>
  <testcase classname="main.Testcase3" name="TestcaseNumber3" time="1.838"/>
</testsuite> <!-- Default test -->
