<?xml version="1.0" encoding="UTF-8"?>
<!-- Generated by org.testng.reporters.JUnitXMLReporter -->
<testsuite ignored="0" hostname="LAPTOP-1GLGBQCG" failures="0" tests="4" name="Default test" time="62.548" errors="0" timestamp="2020-09-27T02:02:32 IST">
  <testcase classname="main.Testcase2" name="TestcaseNumber2" time="5.924"/>
  <testcase classname="main.Testcase1" name="TestcaseNumber1" time="1.043"/>
  <testcase classname="main.Testcase4" name="TestcaseNumber4" time="2.011"/>
  <testcase classname="main.Testcase3" name="TestcaseNumber3" time="1.504"/>
</testsuite> <!-- Default test -->
