<?xml version="1.0" encoding="UTF-8"?>
<testng-results ignored="0" total="4" passed="4" failed="0" skipped="0">
  <reporter-output>
  </reporter-output>
  <suite started-at="2020-09-27T02:33:45 IST" name="Default suite" finished-at="2020-09-27T02:34:55 IST" duration-ms="69503">
    <groups>
    </groups>
    <test started-at="2020-09-27T02:33:45 IST" name="Default test" finished-at="2020-09-27T02:34:55 IST" duration-ms="69503">
      <class name="main.Testcase2">
        <test-method is-config="true" signature="openbrowser()[pri:0, instance:main.Testcase2@5cee5251]" started-at="2020-09-27T02:33:54 IST" name="openbrowser" finished-at="2020-09-27T02:34:04 IST" duration-ms="10667" status="PASS">
          <reporter-output>
          </reporter-output>
        </test-method> <!-- openbrowser -->
        <test-method signature="TestcaseNumber2()[pri:0, instance:main.Testcase2@5cee5251]" started-at="2020-09-27T02:34:35 IST" name="TestcaseNumber2" finished-at="2020-09-27T02:34:43 IST" duration-ms="8828" status="PASS">
          <reporter-output>
          </reporter-output>
        </test-method> <!-- TestcaseNumber2 -->
        <test-method is-config="true" signature="closebrowser()[pri:0, instance:main.Testcase2@5cee5251]" started-at="2020-09-27T02:34:49 IST" name="closebrowser" finished-at="2020-09-27T02:34:52 IST" duration-ms="2384" status="PASS">
          <reporter-output>
          </reporter-output>
        </test-method> <!-- closebrowser -->
      </class> <!-- main.Testcase2 -->
      <class name="main.Testcase1">
        <test-method is-config="true" signature="openbrowser()[pri:0, instance:main.Testcase1@433d61fb]" started-at="2020-09-27T02:33:45 IST" name="openbrowser" finished-at="2020-09-27T02:33:54 IST" duration-ms="8338" status="PASS">
          <reporter-output>
          </reporter-output>
        </test-method> <!-- openbrowser -->
        <test-method signature="TestcaseNumber1()[pri:0, instance:main.Testcase1@433d61fb]" started-at="2020-09-27T02:34:43 IST" name="TestcaseNumber1" finished-at="2020-09-27T02:34:44 IST" duration-ms="767" status="PASS">
          <reporter-output>
          </reporter-output>
        </test-method> <!-- TestcaseNumber1 -->
        <test-method is-config="true" signature="closebrowser()[pri:0, instance:main.Testcase1@433d61fb]" started-at="2020-09-27T02:34:48 IST" name="closebrowser" finished-at="2020-09-27T02:34:49 IST" duration-ms="1772" status="PASS">
          <reporter-output>
          </reporter-output>
        </test-method> <!-- closebrowser -->
      </class> <!-- main.Testcase1 -->
      <class name="main.Testcase4">
        <test-method is-config="true" signature="openbrowser()[pri:0, instance:main.Testcase4@5c909414]" started-at="2020-09-27T02:34:18 IST" name="openbrowser" finished-at="2020-09-27T02:34:34 IST" duration-ms="16291" status="PASS">
          <reporter-output>
          </reporter-output>
        </test-method> <!-- openbrowser -->
        <test-method signature="TestcaseNumber4()[pri:0, instance:main.Testcase4@5c909414]" started-at="2020-09-27T02:34:44 IST" name="TestcaseNumber4" finished-at="2020-09-27T02:34:46 IST" duration-ms="1540" status="PASS">
          <reporter-output>
          </reporter-output>
        </test-method> <!-- TestcaseNumber4 -->
        <test-method is-config="true" signature="closebrowser()[pri:0, instance:main.Testcase4@5c909414]" started-at="2020-09-27T02:34:53 IST" name="closebrowser" finished-at="2020-09-27T02:34:55 IST" duration-ms="1891" status="PASS">
          <reporter-output>
          </reporter-output>
        </test-method> <!-- closebrowser -->
      </class> <!-- main.Testcase4 -->
      <class name="main.Testcase3">
        <test-method is-config="true" signature="openbrowser()[pri:0, instance:main.Testcase3@4b14c583]" started-at="2020-09-27T02:34:04 IST" name="openbrowser" finished-at="2020-09-27T02:34:18 IST" duration-ms="13259" status="PASS">
          <reporter-output>
          </reporter-output>
        </test-method> <!-- openbrowser -->
        <test-method signature="TestcaseNumber3()[pri:0, instance:main.Testcase3@4b14c583]" started-at="2020-09-27T02:34:46 IST" name="TestcaseNumber3" finished-at="2020-09-27T02:34:48 IST" duration-ms="1838" status="PASS">
          <reporter-output>
          </reporter-output>
        </test-method> <!-- TestcaseNumber3 -->
        <test-method is-config="true" signature="closebrowser()[pri:0, instance:main.Testcase3@4b14c583]" started-at="2020-09-27T02:34:52 IST" name="closebrowser" finished-at="2020-09-27T02:34:53 IST" duration-ms="1059" status="PASS">
          <reporter-output>
          </reporter-output>
        </test-method> <!-- closebrowser -->
      </class> <!-- main.Testcase3 -->
    </test> <!-- Default test -->
  </suite> <!-- Default suite -->
</testng-results>
