<?xml version="1.0" encoding="UTF-8"?>
<testng-results ignored="0" total="4" passed="4" failed="0" skipped="0">
  <reporter-output>
  </reporter-output>
  <suite started-at="2020-09-27T02:01:29 IST" name="Default suite" finished-at="2020-09-27T02:02:32 IST" duration-ms="62548">
    <groups>
    </groups>
    <test started-at="2020-09-27T02:01:29 IST" name="Default test" finished-at="2020-09-27T02:02:32 IST" duration-ms="62548">
      <class name="main.Testcase2">
        <test-method is-config="true" signature="openbrowser()[pri:0, instance:main.Testcase2@5cee5251]" started-at="2020-09-27T02:01:43 IST" name="openbrowser" finished-at="2020-09-27T02:01:52 IST" duration-ms="8400" status="PASS">
          <reporter-output>
          </reporter-output>
        </test-method> <!-- openbrowser -->
        <test-method signature="TestcaseNumber2()[pri:0, instance:main.Testcase2@5cee5251]" started-at="2020-09-27T02:02:18 IST" name="TestcaseNumber2" finished-at="2020-09-27T02:02:23 IST" duration-ms="5924" status="PASS">
          <reporter-output>
          </reporter-output>
        </test-method> <!-- TestcaseNumber2 -->
        <test-method is-config="true" signature="closebrowser()[pri:0, instance:main.Testcase2@5cee5251]" started-at="2020-09-27T02:02:29 IST" name="closebrowser" finished-at="2020-09-27T02:02:30 IST" duration-ms="957" status="PASS">
          <reporter-output>
          </reporter-output>
        </test-method> <!-- closebrowser -->
      </class> <!-- main.Testcase2 -->
      <class name="main.Testcase1">
        <test-method is-config="true" signature="openbrowser()[pri:0, instance:main.Testcase1@433d61fb]" started-at="2020-09-27T02:01:29 IST" name="openbrowser" finished-at="2020-09-27T02:01:43 IST" duration-ms="14285" status="PASS">
          <reporter-output>
          </reporter-output>
        </test-method> <!-- openbrowser -->
        <test-method signature="TestcaseNumber1()[pri:0, instance:main.Testcase1@433d61fb]" started-at="2020-09-27T02:02:23 IST" name="TestcaseNumber1" finished-at="2020-09-27T02:02:24 IST" duration-ms="1043" status="PASS">
          <reporter-output>
          </reporter-output>
        </test-method> <!-- TestcaseNumber1 -->
        <test-method is-config="true" signature="closebrowser()[pri:0, instance:main.Testcase1@433d61fb]" started-at="2020-09-27T02:02:28 IST" name="closebrowser" finished-at="2020-09-27T02:02:29 IST" duration-ms="929" status="PASS">
          <reporter-output>
          </reporter-output>
        </test-method> <!-- closebrowser -->
      </class> <!-- main.Testcase1 -->
      <class name="main.Testcase4">
        <test-method is-config="true" signature="openbrowser()[pri:0, instance:main.Testcase4@5c909414]" started-at="2020-09-27T02:02:03 IST" name="openbrowser" finished-at="2020-09-27T02:02:17 IST" duration-ms="14884" status="PASS">
          <reporter-output>
          </reporter-output>
        </test-method> <!-- openbrowser -->
        <test-method signature="TestcaseNumber4()[pri:0, instance:main.Testcase4@5c909414]" started-at="2020-09-27T02:02:24 IST" name="TestcaseNumber4" finished-at="2020-09-27T02:02:27 IST" duration-ms="2011" status="PASS">
          <reporter-output>
          </reporter-output>
        </test-method> <!-- TestcaseNumber4 -->
        <test-method is-config="true" signature="closebrowser()[pri:0, instance:main.Testcase4@5c909414]" started-at="2020-09-27T02:02:31 IST" name="closebrowser" finished-at="2020-09-27T02:02:32 IST" duration-ms="885" status="PASS">
          <reporter-output>
          </reporter-output>
        </test-method> <!-- closebrowser -->
      </class> <!-- main.Testcase4 -->
      <class name="main.Testcase3">
        <test-method is-config="true" signature="openbrowser()[pri:0, instance:main.Testcase3@4b14c583]" started-at="2020-09-27T02:01:52 IST" name="openbrowser" finished-at="2020-09-27T02:02:03 IST" duration-ms="10774" status="PASS">
          <reporter-output>
          </reporter-output>
        </test-method> <!-- openbrowser -->
        <test-method signature="TestcaseNumber3()[pri:0, instance:main.Testcase3@4b14c583]" started-at="2020-09-27T02:02:27 IST" name="TestcaseNumber3" finished-at="2020-09-27T02:02:28 IST" duration-ms="1504" status="PASS">
          <reporter-output>
          </reporter-output>
        </test-method> <!-- TestcaseNumber3 -->
        <test-method is-config="true" signature="closebrowser()[pri:0, instance:main.Testcase3@4b14c583]" started-at="2020-09-27T02:02:30 IST" name="closebrowser" finished-at="2020-09-27T02:02:31 IST" duration-ms="866" status="PASS">
          <reporter-output>
          </reporter-output>
        </test-method> <!-- closebrowser -->
      </class> <!-- main.Testcase3 -->
    </test> <!-- Default test -->
  </suite> <!-- Default suite -->
</testng-results>
